<?xml version="1.0" encoding="UTF-8"?>
<testsuite name="com.example.helloselenium.MainPageTest" tests="1" skipped="0" failures="0" errors="0" timestamp="2022-02-04T10:48:14" hostname="ubuntu" time="10.017">
  <properties/>
  <testcase name="navigationToAllTools()" classname="com.example.helloselenium.MainPageTest" time="10.017"/>
  <system-out><![CDATA[]]></system-out>
  <system-err><![CDATA[Starting ChromeDriver 98.0.4758.80 (7f0488e8ba0d8e019187c6325a16c29d9b7f4989-refs/branch-heads/4758@{#972}) on port 8909
Only local connections are allowed.
Please see https://chromedriver.chromium.org/security-considerations for suggestions on keeping ChromeDriver safe.
ChromeDriver was started successfully.
Feb 04, 2022 11:48:16 AM org.openqa.selenium.remote.ProtocolHandshake createSession
INFO: Detected dialect: W3C
]]></system-err>
</testsuite>
